08-06-2017 12:18:10	This log contains information about the import schema operation into project 'AssetMonitoring.Database' on computer 'AJIT-PC' by user 'ajit'.
08-06-2017 12:18:10	Import of database schema has started.
08-06-2017 12:18:14	Gathering database options
08-06-2017 12:18:14	Gathering users
08-06-2017 12:18:14	Gathering roles
08-06-2017 12:18:14	Gathering application roles
08-06-2017 12:18:14	Gathering role memberships
08-06-2017 12:18:14	Gathering filegroups
08-06-2017 12:18:14	Gathering full-text catalogs
08-06-2017 12:18:14	Gathering assemblies
08-06-2017 12:18:14	Gathering certificates
08-06-2017 12:18:14	Gathering asymmetric keys
08-06-2017 12:18:14	Gathering symmetric keys
08-06-2017 12:18:14	Gathering encrypted symmetric keys
08-06-2017 12:18:14	Gathering schemas
08-06-2017 12:18:14	Gathering XML schema collections
08-06-2017 12:18:14	Gathering user-defined data types
08-06-2017 12:18:14	Gathering user-defined types
08-06-2017 12:18:14	Gathering table types
08-06-2017 12:18:14	Gathering unique keys for table types
08-06-2017 12:18:14	Gathering primary keys for table types
08-06-2017 12:18:14	Gathering indexes for table types
08-06-2017 12:18:14	Gathering check constraints for table types
08-06-2017 12:18:14	Gathering default constraints for table types
08-06-2017 12:18:14	Gathering partition functions
08-06-2017 12:18:14	Gathering partition schemes
08-06-2017 12:18:14	Gathering functions
08-06-2017 12:18:14	Gathering encrypted functions
08-06-2017 12:18:14	Gathering aggregates
08-06-2017 12:18:14	Gathering procedures
08-06-2017 12:18:14	Gathering encrypted procedures
08-06-2017 12:18:14	Gathering tables
08-06-2017 12:18:15	Gathering primary keys
08-06-2017 12:18:15	Gathering unique constraints
08-06-2017 12:18:15	Gathering foreign keys
08-06-2017 12:18:15	Gathering default constraints
08-06-2017 12:18:15	Gathering check constraints
08-06-2017 12:18:15	Gathering views
08-06-2017 12:18:15	Gathering encrypted views
08-06-2017 12:18:15	Gathering indexes
08-06-2017 12:18:15	Gathering statistics
08-06-2017 12:18:15	Gathering full-text index stoplists
08-06-2017 12:18:15	Gathering search property lists
08-06-2017 12:18:15	Gathering search properties
08-06-2017 12:18:15	Gathering full-text indexes
08-06-2017 12:18:15	Gathering column store indexes
08-06-2017 12:18:15	Gathering spatial indexes
08-06-2017 12:18:15	Gathering XML indexes
08-06-2017 12:18:15	Gathering Selective XML indexes
08-06-2017 12:18:15	Gathering encrypted triggers
08-06-2017 12:18:15	Gathering triggers
08-06-2017 12:18:15	Gathering encrypted and clr ddl triggers
08-06-2017 12:18:15	Gathering ddl triggers
08-06-2017 12:18:15	Gathering synonyms
08-06-2017 12:18:15	Gathering defaults
08-06-2017 12:18:15	Gathering data constraint uddt bindings
08-06-2017 12:18:15	Gathering rules
08-06-2017 12:18:15	Gathering data constraint uddt bindings
08-06-2017 12:18:15	Gathering message types
08-06-2017 12:18:15	Gathering queues
08-06-2017 12:18:15	Gathering contracts
08-06-2017 12:18:15	Gathering services
08-06-2017 12:18:15	Gathering event notifications
08-06-2017 12:18:15	Gathering remote service bindings
08-06-2017 12:18:15	Gathering broker priorities
08-06-2017 12:18:15	Gathering signatures
08-06-2017 12:18:15	Gathering data compression options
08-06-2017 12:18:15	Gathering sequence types
08-06-2017 12:18:15	Gathering extended properties
08-06-2017 12:18:15	Gathering credentials
08-06-2017 12:18:15	Gathering logins
08-06-2017 12:18:15	Gathering server audits
08-06-2017 12:18:15	Scanning project for duplicate elements
08-06-2017 12:18:15	Finished duplicate element processing
08-06-2017 12:18:15	Finished importing database.
08-06-2017 12:18:15	A summary of the import was saved to the following location: D:\AssetMonitoring\REST-API-Server\AssetMonitoring\AssetMonitoring.Database\Import Schema Logs\AssetMonitoring.Data_20170608064810.log
08-06-2017 12:18:15	Click Finish to continue...
